<?xml version="1.0" encoding="UTF-8"?>
<testsuite name="com.sparta.memo.TransactionTest" tests="1" skipped="0" failures="0" errors="0" timestamp="2023-06-14T11:41:01" hostname="gangjeonghun-ui-MacBookPro.local" time="0.366">
  <properties/>
  <testcase name="트랜잭션 전파 테스트" classname="com.sparta.memo.TransactionTest" time="0.366"/>
  <system-out><![CDATA[20:40:59.323 [Test worker] INFO org.springframework.test.context.support.AnnotationConfigContextLoaderUtils -- Could not detect default configuration classes for test class [com.sparta.memo.TransactionTest]: TransactionTest does not declare any static, non-private, non-final, nested classes annotated with @Configuration.
20:40:59.372 [Test worker] INFO org.springframework.boot.test.context.SpringBootTestContextBootstrapper -- Found @SpringBootConfiguration com.sparta.memo.MemoApplication for test class com.sparta.memo.TransactionTest

  .   ____          _            __ _ _
 /\\ / ___'_ __ _ _(_)_ __  __ _ \ \ \ \
( ( )\___ | '_ | '_| | '_ \/ _` | \ \ \ \
 \\/  ___)| |_)| | | | | || (_| |  ) ) ) )
  '  |____| .__|_| |_|_| |_\__, | / / / /
 =========|_|==============|___/=/_/_/_/
 :: Spring Boot ::                (v3.1.0)

2023-06-14T20:40:59.568+09:00  INFO 44890 --- [    Test worker] com.sparta.memo.TransactionTest          : Starting TransactionTest using Java 17.0.6 with PID 44890 (started by hoon in /Users/hoon/Desktop/JAVA/Spring/Week01/memo)
2023-06-14T20:40:59.569+09:00  INFO 44890 --- [    Test worker] com.sparta.memo.TransactionTest          : No active profile set, falling back to 1 default profile: "default"
2023-06-14T20:40:59.866+09:00  INFO 44890 --- [    Test worker] .s.d.r.c.RepositoryConfigurationDelegate : Bootstrapping Spring Data JPA repositories in DEFAULT mode.
2023-06-14T20:40:59.877+09:00  INFO 44890 --- [    Test worker] .s.d.r.c.RepositoryConfigurationDelegate : Finished Spring Data repository scanning in 6 ms. Found 0 JPA repository interfaces.
2023-06-14T20:41:00.087+09:00  INFO 44890 --- [    Test worker] o.hibernate.jpa.internal.util.LogHelper  : HHH000204: Processing PersistenceUnitInfo [name: default]
2023-06-14T20:41:00.113+09:00  INFO 44890 --- [    Test worker] org.hibernate.Version                    : HHH000412: Hibernate ORM core version 6.2.2.Final
2023-06-14T20:41:00.114+09:00  INFO 44890 --- [    Test worker] org.hibernate.cfg.Environment            : HHH000406: Using bytecode reflection optimizer
2023-06-14T20:41:00.179+09:00  INFO 44890 --- [    Test worker] o.h.b.i.BytecodeProviderInitiator        : HHH000021: Bytecode provider name : bytebuddy
2023-06-14T20:41:00.243+09:00  INFO 44890 --- [    Test worker] o.s.o.j.p.SpringPersistenceUnitInfo      : No LoadTimeWeaver setup: ignoring JPA class transformer
2023-06-14T20:41:00.251+09:00  INFO 44890 --- [    Test worker] com.zaxxer.hikari.HikariDataSource       : HikariPool-1 - Starting...
2023-06-14T20:41:00.441+09:00  INFO 44890 --- [    Test worker] com.zaxxer.hikari.pool.HikariPool        : HikariPool-1 - Added connection com.mysql.cj.jdbc.ConnectionImpl@3335afcf
2023-06-14T20:41:00.442+09:00  INFO 44890 --- [    Test worker] com.zaxxer.hikari.HikariDataSource       : HikariPool-1 - Start completed.
2023-06-14T20:41:00.481+09:00  INFO 44890 --- [    Test worker] org.hibernate.orm.dialect                : HHH035001: Using dialect: org.hibernate.dialect.MySQLDialect, version: 8.0.33
2023-06-14T20:41:00.578+09:00  INFO 44890 --- [    Test worker] o.h.b.i.BytecodeProviderInitiator        : HHH000021: Bytecode provider name : bytebuddy
2023-06-14T20:41:00.867+09:00  INFO 44890 --- [    Test worker] o.h.e.t.j.p.i.JtaPlatformInitiator       : HHH000490: Using JtaPlatform implementation: [org.hibernate.engine.transaction.jta.platform.internal.NoJtaPlatform]
2023-06-14T20:41:00.896+09:00  INFO 44890 --- [    Test worker] j.LocalContainerEntityManagerFactoryBean : Initialized JPA EntityManagerFactory for persistence unit 'default'
2023-06-14T20:41:00.992+09:00  WARN 44890 --- [    Test worker] JpaBaseConfiguration$JpaWebConfiguration : spring.jpa.open-in-view is enabled by default. Therefore, database queries may be performed during view rendering. Explicitly configure spring.jpa.open-in-view to disable this warning
2023-06-14T20:41:01.078+09:00  INFO 44890 --- [    Test worker] o.s.b.a.w.s.WelcomePageHandlerMapping    : Adding welcome page: class path resource [static/index.html]
2023-06-14T20:41:01.188+09:00  INFO 44890 --- [    Test worker] com.sparta.memo.TransactionTest          : Started TransactionTest in 1.742 seconds (process running for 2.297)
Hibernate: 
    select
        m1_0.id,
        m1_0.contents,
        m1_0.username 
    from
        memo m1_0 
    where
        m1_0.id=?
createMemo 메서드 종료
테스트 test3 메서드 종료
Hibernate: 
    /* update
        for com.sparta.memo.entity.Memo */update memo 
    set
        contents=?,
        username=? 
    where
        id=?
]]></system-out>
  <system-err><![CDATA[]]></system-err>
</testsuite>
